<?xml version="1.0" encoding="UTF-8"?>
<testsuite xmlns:xsi="http://www.w3.org/2001/XMLSchema-instance" xsi:noNamespaceSchemaLocation="https://maven.apache.org/surefire/maven-surefire-plugin/xsd/surefire-test-report.xsd" version="3.0.2" name="com.eazybytes.loans.LoansApplicationTests" time="46.849" tests="1" errors="0" skipped="0" failures="0">
  <properties>
[...]
</properties>
  <testcase name="contextLoads" classname="com.eazybytes.loans.LoansApplicationTests" time="3.163">
    <system-out><![CDATA[15:30:39.208 [main] INFO org.springframework.test.context.support.AnnotationConfigContextLoaderUtils -- Could not detect default configuration classes for test class [com.eazybytes.loans.LoansApplicationTests]: LoansApplicationTests does not declare any static, non-private, non-final, nested classes annotated with @Configuration.
15:30:39.968 [main] INFO org.springframework.boot.test.context.SpringBootTestContextBootstrapper -- Found @SpringBootConfiguration com.eazybytes.loans.LoansApplication for test class com.eazybytes.loans.LoansApplicationTests
15:30:41.568 [main] INFO org.springframework.boot.devtools.restart.RestartApplicationListener -- Restart disabled due to context in which it is running

  .   ____          _            __ _ _
 /\\ / ___'_ __ _ _(_)_ __  __ _ \ \ \ \
( ( )\___ | '_ | '_| | '_ \/ _` | \ \ \ \
 \\/  ___)| |_)| | | | | || (_| |  ) ) ) )
  '  |____| .__|_| |_|_| |_\__, | / / / /
 =========|_|==============|___/=/_/_/_/

 :: Spring Boot ::                (v3.4.2)

2025-02-13T15:30:48.458-08:00  INFO 14128 --- [loans] [           main] c.eazybytes.loans.LoansApplicationTests  : Starting LoansApplicationTests using Java 23.0.2 with PID 14128 (started by guest1 in D:\Intellij_Projects\Microservices\section7\loans)
2025-02-13T15:30:48.461-08:00  INFO 14128 --- [loans] [           main] c.eazybytes.loans.LoansApplicationTests  : The following 1 profile is active: "prod"
2025-02-13T15:30:48.700-08:00  INFO 14128 --- [loans] [           main] o.s.c.c.c.ConfigServerConfigDataLoader   : Fetching config from server at : http://localhost:8071/
2025-02-13T15:30:48.700-08:00  INFO 14128 --- [loans] [           main] o.s.c.c.c.ConfigServerConfigDataLoader   : Located environment: name=loans, profiles=[default], label=null, version=ec44142a77f127bcb5e9c98796aa8eae6f66188f, state=
2025-02-13T15:30:48.702-08:00  INFO 14128 --- [loans] [           main] o.s.c.c.c.ConfigServerConfigDataLoader   : Fetching config from server at : http://localhost:8071/
2025-02-13T15:30:48.702-08:00  INFO 14128 --- [loans] [           main] o.s.c.c.c.ConfigServerConfigDataLoader   : Located environment: name=loans, profiles=[prod], label=null, version=ec44142a77f127bcb5e9c98796aa8eae6f66188f, state=
2025-02-13T15:30:53.797-08:00  INFO 14128 --- [loans] [           main] .s.d.r.c.RepositoryConfigurationDelegate : Bootstrapping Spring Data JPA repositories in DEFAULT mode.
2025-02-13T15:30:54.083-08:00  INFO 14128 --- [loans] [           main] .s.d.r.c.RepositoryConfigurationDelegate : Finished Spring Data repository scanning in 245 ms. Found 1 JPA repository interface.
2025-02-13T15:30:54.885-08:00  INFO 14128 --- [loans] [           main] o.s.cloud.context.scope.GenericScope     : BeanFactory id=3c011061-3b43-3d81-9b16-13fa82966911
2025-02-13T15:30:57.509-08:00  INFO 14128 --- [loans] [           main] com.zaxxer.hikari.HikariDataSource       : HikariPool-1 - Starting...
2025-02-13T15:31:01.189-08:00  INFO 14128 --- [loans] [           main] com.zaxxer.hikari.pool.HikariPool        : HikariPool-1 - Added connection com.mysql.cj.jdbc.ConnectionImpl@3c68e82
2025-02-13T15:31:01.195-08:00  INFO 14128 --- [loans] [           main] com.zaxxer.hikari.HikariDataSource       : HikariPool-1 - Start completed.
2025-02-13T15:31:02.106-08:00  INFO 14128 --- [loans] [           main] o.hibernate.jpa.internal.util.LogHelper  : HHH000204: Processing PersistenceUnitInfo [name: default]
2025-02-13T15:31:02.443-08:00  INFO 14128 --- [loans] [           main] org.hibernate.Version                    : HHH000412: Hibernate ORM core version 6.6.5.Final
2025-02-13T15:31:02.638-08:00  INFO 14128 --- [loans] [           main] o.h.c.internal.RegionFactoryInitiator    : HHH000026: Second-level cache disabled
2025-02-13T15:31:04.221-08:00  INFO 14128 --- [loans] [           main] o.s.o.j.p.SpringPersistenceUnitInfo      : No LoadTimeWeaver setup: ignoring JPA class transformer
2025-02-13T15:31:05.165-08:00  INFO 14128 --- [loans] [           main] org.hibernate.orm.connections.pooling    : HHH10001005: Database info:
	Database JDBC URL [Connecting through datasource 'HikariDataSource (HikariPool-1)']
	Database driver: undefined/unknown
	Database version: 9.2
	Autocommit mode: undefined/unknown
	Isolation level: undefined/unknown
	Minimum pool size: undefined/unknown
	Maximum pool size: undefined/unknown
2025-02-13T15:31:09.704-08:00  INFO 14128 --- [loans] [           main] o.h.e.t.j.p.i.JtaPlatformInitiator       : HHH000489: No JTA platform available (set 'hibernate.transaction.jta.platform' to enable JTA platform integration)
2025-02-13T15:31:09.728-08:00  INFO 14128 --- [loans] [           main] j.LocalContainerEntityManagerFactoryBean : Initialized JPA EntityManagerFactory for persistence unit 'default'
2025-02-13T15:31:13.858-08:00  WARN 14128 --- [loans] [           main] JpaBaseConfiguration$JpaWebConfiguration : spring.jpa.open-in-view is enabled by default. Therefore, database queries may be performed during view rendering. Explicitly configure spring.jpa.open-in-view to disable this warning
2025-02-13T15:31:20.662-08:00  INFO 14128 --- [loans] [           main] o.s.b.a.e.web.EndpointLinksResolver      : Exposing 16 endpoints beneath base path '/actuator'
2025-02-13T15:31:21.270-08:00  INFO 14128 --- [loans] [           main] c.eazybytes.loans.LoansApplicationTests  : Started LoansApplicationTests in 39.749 seconds (process running for 46.603)
]]></system-out>
    <system-err><![CDATA[Mockito is currently self-attaching to enable the inline-mock-maker. This will no longer work in future releases of the JDK. Please add Mockito as an agent to your build what is described in Mockito's documentation: https://javadoc.io/doc/org.mockito/mockito-core/latest/org/mockito/Mockito.html#0.3
WARNING: A Java agent has been loaded dynamically (C:\Users\guest1\.m2\repository\net\bytebuddy\byte-buddy-agent\1.15.11\byte-buddy-agent-1.15.11.jar)
WARNING: If a serviceability tool is in use, please run with -XX:+EnableDynamicAgentLoading to hide this warning
WARNING: If a serviceability tool is not in use, please run with -Djdk.instrument.traceUsage for more information
WARNING: Dynamic loading of agents will be disallowed by default in a future release
]]></system-err>
  </testcase>
</testsuite>